<?xml version="1.0" encoding="UTF-8"?>
<!-- Generated by org.testng.reporters.JUnitReportReporter -->
<testsuite hostname="LAPTOP-SEER9G24" failures="0" tests="1" name="traning.TestNGKT" time="1.540" errors="0" timestamp="2024-05-30T23:46:08 IST" skipped="0">
  <testcase classname="traning.TestNGKT" name="JavaKT" time="1.540"/>
  <system-out/>
</testsuite> <!-- traning.TestNGKT -->
