<?xml version="1.0" encoding="UTF-8"?>
<!-- Generated by org.testng.reporters.JUnitReportReporter -->
<testsuite hostname="LAPTOP-SEER9G24" failures="0" tests="2" name="traning.TestNGKT" time="12.935" errors="0" timestamp="2024-05-30T21:43:23 IST" skipped="0">
  <testcase classname="traning.TestNGKT" name="UserRegistor" time="7.025"/>
  <system-out/>
  <testcase classname="traning.TestNGKT" name="UserRegistor" time="5.910"/>
  <system-out/>
</testsuite> <!-- traning.TestNGKT -->
